<?xml version="1.0" encoding="UTF-8"?>
<testng-results skipped="0" failed="0" ignored="0" total="1" passed="1">
  <reporter-output>
  </reporter-output>
  <suite name="Default suite" duration-ms="19214" started-at="2018-04-10T03:58:47Z" finished-at="2018-04-10T03:59:06Z">
    <groups>
    </groups>
    <test name="Default test" duration-ms="19214" started-at="2018-04-10T03:58:47Z" finished-at="2018-04-10T03:59:06Z">
      <class name="amazon.Plasticcase">
        <test-method status="PASS" signature="OpeningBrowser()[pri:0, instance:amazon.Plasticcase@6767c1fc]" name="OpeningBrowser" is-config="true" duration-ms="7375" started-at="2018-04-10T03:58:47Z" finished-at="2018-04-10T03:58:54Z">
          <reporter-output>
          </reporter-output>
        </test-method> <!-- OpeningBrowser -->
        <test-method status="PASS" signature="ActualTest()[pri:0, instance:amazon.Plasticcase@6767c1fc]" name="ActualTest" duration-ms="11113" started-at="2018-04-10T03:58:54Z" finished-at="2018-04-10T03:59:05Z">
          <reporter-output>
          </reporter-output>
        </test-method> <!-- ActualTest -->
        <test-method status="PASS" signature="ClosingBrowser()[pri:0, instance:amazon.Plasticcase@6767c1fc]" name="ClosingBrowser" is-config="true" duration-ms="694" started-at="2018-04-10T03:59:05Z" finished-at="2018-04-10T03:59:06Z">
          <reporter-output>
          </reporter-output>
        </test-method> <!-- ClosingBrowser -->
      </class> <!-- amazon.Plasticcase -->
    </test> <!-- Default test -->
  </suite> <!-- Default suite -->
</testng-results>
